<?xml version="1.0" encoding="UTF-8"?>
<!-- Generated by org.testng.reporters.JUnitReportReporter -->
<testsuite hostname="MUM-LAP-1579" failures="0" tests="2" name="TestNGPractice.DataProviderDemo" time="10.473" errors="0" timestamp="2023-03-06T19:14:28 IST" skipped="0">
  <testcase classname="TestNGPractice.DataProviderDemo" name="testDataProvider" time="6.320"/>
  <system-out/>
  <testcase classname="TestNGPractice.DataProviderDemo" name="testDataProvider" time="4.153"/>
  <system-out/>
</testsuite> <!-- TestNGPractice.DataProviderDemo -->
