<?xml version="1.0" encoding="UTF-8"?>
<!-- Generated by org.testng.reporters.JUnitReportReporter -->
<testsuite hostname="MUM-LAP-1579" failures="0" tests="4" name="TestNGPractice.DataProviderDemo2" time="20.236" errors="0" timestamp="2023-03-13T12:41:23 IST" skipped="0">
  <testcase classname="TestNGPractice.DataProviderDemo2" name="launchWebsite" time="13.060"/>
  <system-out/>
  <testcase classname="TestNGPractice.DataProviderDemo2" name="giveLogInINputs" time="1.970"/>
  <system-out/>
  <testcase classname="TestNGPractice.DataProviderDemo2" name="giveLogInINputs" time="0.154"/>
  <system-out/>
  <testcase classname="TestNGPractice.DataProviderDemo2" name="giveLogInINputs" time="5.052"/>
  <system-out/>
</testsuite> <!-- TestNGPractice.DataProviderDemo2 -->
