<?xml version="1.0" encoding="UTF-8"?>
<!-- Generated by org.testng.reporters.JUnitReportReporter -->
<testsuite hostname="MUM-LAP-1579" failures="0" tests="2" name="TestNGPractice.ParametersDemoTest" time="6.835" errors="0" timestamp="2023-03-07T17:50:10 IST" skipped="0">
  <testcase classname="TestNGPractice.ParametersDemoTest" name="setupTestTest" time="3.472"/>
  <system-out/>
  <testcase classname="TestNGPractice.ParametersDemoTest" name="LaunchWebsiteTest" time="3.363"/>
  <system-out/>
</testsuite> <!-- TestNGPractice.ParametersDemoTest -->
