<?xml version="1.0" encoding="UTF-8"?>
<!-- Generated by org.testng.reporters.JUnitReportReporter -->
<testsuite hostname="MUM-LAP-1579" failures="0" tests="3" name="LaunchWebsite" time="14.493" errors="0" timestamp="2023-02-27T15:33:45 IST" skipped="0">
  <testcase classname="LaunchWebsite" name="initialMethod" time="0.008"/>
  <system-out>
    <![CDATA[TestNG started]]>
  </system-out>
  <testcase classname="LaunchWebsite" name="LaunchEdgeDriver" time="9.512"/>
  <system-out/>
  <testcase classname="LaunchWebsite" name="Method2" time="4.973"/>
  <system-out/>
</testsuite> <!-- LaunchWebsite -->
