<?xml version="1.0" encoding="UTF-8"?>
<!-- Generated by org.testng.reporters.JUnitReportReporter -->
<testsuite hostname="MUM-LAP-1579" failures="0" tests="1" name="FramesDemo" time="50.871" errors="0" timestamp="2023-02-22T12:11:48 IST" skipped="0">
  <testcase classname="FramesDemo" name="launchWebsite" time="50.871"/>
  <system-out/>
</testsuite> <!-- FramesDemo -->
