<?xml version="1.0" encoding="UTF-8"?>
<!-- Generated by org.testng.reporters.JUnitReportReporter -->
<testsuite hostname="MUM-LAP-1579" failures="0" tests="4" name="TestNGPractice.TestngDependencies" time="12.709" errors="0" timestamp="2023-02-27T18:57:11 IST" skipped="0">
  <testcase classname="TestNGPractice.TestngDependencies" name="initialMethod" time="0.010"/>
  <system-out>
    <![CDATA[TestNG started]]>
  </system-out>
  <testcase classname="TestNGPractice.TestngDependencies" name="LaunchEdgeDriver" time="7.856"/>
  <system-out/>
  <testcase classname="TestNGPractice.TestngDependencies" name="Method2" time="4.842"/>
  <system-out/>
  <testcase classname="TestNGPractice.TestngDependencies" name="skipTest" time="0.001"/>
  <system-out/>
</testsuite> <!-- TestNGPractice.TestngDependencies -->
