<?xml version="1.0" encoding="UTF-8"?>
<!-- Generated by org.testng.reporters.JUnitReportReporter -->
<testsuite hostname="MUM-LAP-1579" failures="0" tests="1" name="FramesDemoHYR" time="51.757" errors="0" timestamp="2023-03-09T07:40:11 IST" skipped="0">
  <testcase classname="FramesDemoHYR" name="launchWebsite" time="51.757"/>
  <system-out/>
</testsuite> <!-- FramesDemoHYR -->
